TN:
SF:src/modules/appointments/services/CreateAppointmentService.ts
FN:40,__decorate
FN:40,__metadata
FN:40,__param
FN:40,__awaiter
FN:40,adopt
FN:40,fulfilled
FN:40,rejected
FN:40,step
FN:40,__generator
FN:40,sent
FN:40,g.<computed>
FN:40,verb
FN:40,step
FN:40,__importDefault
FN:16,CreateAppointmentService
FN:20,CreateAppointmentService.execute
FNF:16
FNH:14
FNDA:1,__decorate
FNDA:1,__metadata
FNDA:1,__param
FNDA:3,__awaiter
FNDA:5,adopt
FNDA:5,fulfilled
FNDA:0,rejected
FNDA:7,step
FNDA:3,__generator
FNDA:5,sent
FNDA:0,g.<computed>
FNDA:9,verb
FNDA:8,step
FNDA:1,__importDefault
FNDA:2,CreateAppointmentService
FNDA:3,CreateAppointmentService.execute
DA:1,1
DA:2,1
DA:3,1
DA:4,1
DA:5,1
DA:6,1
DA:7,1
DA:8,1
DA:9,1
DA:10,1
DA:11,1
DA:12,1
DA:13,1
DA:14,1
DA:15,1
DA:16,1
DA:17,2
DA:18,2
DA:19,2
DA:20,1
DA:21,3
DA:22,3
DA:23,3
DA:24,3
DA:25,3
DA:26,3
DA:27,3
DA:28,1
DA:29,1
DA:30,2
DA:31,2
DA:32,2
DA:33,2
DA:34,2
DA:35,3
DA:36,3
DA:37,3
DA:38,1
DA:39,1
DA:40,1
LF:40
LH:40
BRDA:40,0,0,1
BRDA:40,1,0,1
BRDA:40,2,0,0
BRDA:40,3,0,0
BRDA:40,4,0,0
BRDA:40,5,0,0
BRDA:40,6,0,1
BRDA:40,7,0,1
BRDA:40,8,0,1
BRDA:40,9,0,3
BRDA:40,10,0,5
BRDA:40,11,0,0
BRDA:40,12,0,3
BRDA:40,13,0,5
BRDA:40,14,0,4
BRDA:40,15,0,1
BRDA:40,16,0,7
BRDA:40,17,0,2
BRDA:40,18,0,5
BRDA:40,19,0,3
BRDA:40,20,0,5
BRDA:40,21,0,0
BRDA:40,22,0,9
BRDA:40,23,0,8
BRDA:40,24,0,8
BRDA:40,25,0,0
BRDA:40,26,0,16
BRDA:40,27,0,0
BRDA:40,28,0,0
BRDA:40,29,0,0
BRDA:40,30,0,0
BRDA:40,31,0,8
BRDA:40,32,0,8
BRDA:40,33,0,5
BRDA:40,34,0,0
BRDA:40,35,0,0
BRDA:40,36,0,3
BRDA:40,37,0,0
BRDA:40,38,0,2
BRDA:40,39,0,0
BRDA:40,40,0,0
BRDA:40,41,0,0
BRDA:40,42,0,0
BRDA:40,43,0,8
BRDA:40,44,0,7
BRDA:40,45,0,1
BRDA:40,46,0,8
BRDA:40,47,0,3
BRDA:40,48,0,1
BRDA:40,49,0,2
BRDA:40,50,0,0
BRDA:40,51,0,1
BRDA:40,52,0,0
BRDA:15,53,0,1
BRDA:16,54,0,2
BRDA:20,55,0,3
BRDA:40,56,0,3
BRDA:40,57,0,8
BRDA:40,58,0,3
BRDA:40,59,0,3
BRDA:27,60,0,1
BRDA:29,61,0,2
BRDA:40,62,0,2
BRF:63
BRH:43
end_of_record
TN:
SF:src/modules/users/services/AuthenticateUserService.ts
FN:57,__decorate
FN:57,__metadata
FN:57,__param
FN:57,__awaiter
FN:57,adopt
FN:57,fulfilled
FN:57,rejected
FN:57,step
FN:57,__generator
FN:57,sent
FN:57,g.<computed>
FN:57,verb
FN:57,step
FN:57,__importDefault
FN:22,AuthenticateUserService
FN:27,AuthenticateUserService.execute
FNF:16
FNH:14
FNDA:1,__decorate
FNDA:1,__metadata
FNDA:2,__param
FNDA:3,__awaiter
FNDA:4,adopt
FNDA:4,fulfilled
FNDA:0,rejected
FNDA:4,step
FNDA:3,__generator
FNDA:4,sent
FNDA:0,g.<computed>
FNDA:9,verb
FNDA:7,step
FNDA:2,__importDefault
FNDA:3,AuthenticateUserService
FNDA:3,AuthenticateUserService.execute
DA:1,1
DA:2,1
DA:3,1
DA:4,1
DA:5,1
DA:6,1
DA:7,1
DA:8,1
DA:9,1
DA:10,1
DA:11,1
DA:12,1
DA:13,1
DA:14,1
DA:15,1
DA:16,1
DA:17,1
DA:18,1
DA:19,1
DA:20,1
DA:21,1
DA:22,1
DA:23,3
DA:24,3
DA:25,3
DA:26,1
DA:27,1
DA:28,3
DA:29,3
DA:30,3
DA:31,2
DA:32,2
DA:33,1
DA:34,1
DA:35,1
DA:36,1
DA:37,1
DA:38,3
DA:39,3
DA:40,3
DA:41,3
DA:42,0
DA:43,0
DA:44,0
DA:45,0
DA:46,0
DA:47,0
DA:48,0
DA:49,0
DA:50,0
DA:51,0
DA:52,0
DA:53,0
DA:54,3
DA:55,1
DA:56,1
DA:57,1
LF:57
LH:45
BRDA:57,0,0,1
BRDA:57,1,0,1
BRDA:57,2,0,0
BRDA:57,3,0,0
BRDA:57,4,0,0
BRDA:57,5,0,0
BRDA:57,6,0,1
BRDA:57,7,0,2
BRDA:57,8,0,2
BRDA:57,9,0,3
BRDA:57,10,0,4
BRDA:57,11,0,0
BRDA:57,12,0,3
BRDA:57,13,0,4
BRDA:57,14,0,1
BRDA:57,15,0,3
BRDA:57,16,0,4
BRDA:57,17,0,0
BRDA:57,18,0,3
BRDA:57,19,0,4
BRDA:57,20,0,0
BRDA:57,21,0,9
BRDA:57,22,0,7
BRDA:57,23,0,7
BRDA:57,24,0,0
BRDA:57,25,0,14
BRDA:57,26,0,0
BRDA:57,27,0,0
BRDA:57,28,0,0
BRDA:57,29,0,0
BRDA:57,30,0,7
BRDA:57,31,0,7
BRDA:57,32,0,4
BRDA:57,33,0,0
BRDA:57,34,0,0
BRDA:57,35,0,3
BRDA:57,36,0,0
BRDA:57,37,0,0
BRDA:57,38,0,0
BRDA:57,39,0,0
BRDA:57,40,0,0
BRDA:57,41,0,0
BRDA:57,42,0,7
BRDA:57,43,0,4
BRDA:57,44,0,3
BRDA:57,45,0,7
BRDA:57,46,0,3
BRDA:57,47,0,0
BRDA:57,48,0,0
BRDA:57,49,0,2
BRDA:57,50,0,0
BRDA:21,51,0,1
BRDA:22,52,0,3
BRDA:27,53,0,3
BRDA:57,54,0,3
BRDA:57,55,0,7
BRDA:28,56,0,3
BRDA:57,57,0,3
BRDA:30,58,0,2
BRDA:32,59,0,1
BRDA:57,60,0,1
BRDA:41,61,0,0
BRF:62
BRH:38
end_of_record
TN:
SF:src/modules/users/services/CreateUserService.ts
FN:41,__decorate
FN:41,__metadata
FN:41,__param
FN:41,__awaiter
FN:41,adopt
FN:41,fulfilled
FN:41,rejected
FN:41,step
FN:41,__generator
FN:41,sent
FN:41,g.<computed>
FN:41,verb
FN:41,step
FN:41,__importDefault
FN:17,CreateUserService
FN:22,CreateUserService.execute
FNF:16
FNH:14
FNDA:2,__decorate
FNDA:2,__metadata
FNDA:4,__param
FNDA:5,__awaiter
FNDA:13,adopt
FNDA:13,fulfilled
FNDA:0,rejected
FNDA:17,step
FNDA:5,__generator
FNDA:13,sent
FNDA:0,g.<computed>
FNDA:15,verb
FNDA:18,step
FNDA:2,__importDefault
FNDA:4,CreateUserService
FNDA:5,CreateUserService.execute
DA:1,1
DA:2,1
DA:3,1
DA:4,1
DA:5,1
DA:6,1
DA:7,1
DA:8,1
DA:9,1
DA:10,1
DA:11,1
DA:12,1
DA:13,1
DA:14,1
DA:15,1
DA:16,2
DA:17,2
DA:18,4
DA:19,4
DA:20,4
DA:21,2
DA:22,2
DA:23,5
DA:24,5
DA:25,5
DA:26,1
DA:27,1
DA:28,4
DA:29,4
DA:30,5
DA:31,5
DA:32,5
DA:33,5
DA:34,5
DA:35,5
DA:36,5
DA:37,5
DA:38,5
DA:39,2
DA:40,1
DA:41,1
LF:41
LH:41
BRDA:41,0,0,2
BRDA:41,1,0,2
BRDA:41,2,0,0
BRDA:41,3,0,0
BRDA:41,4,0,0
BRDA:41,5,0,0
BRDA:41,6,0,2
BRDA:41,7,0,4
BRDA:41,8,0,4
BRDA:41,9,0,5
BRDA:41,10,0,13
BRDA:41,11,0,0
BRDA:41,12,0,5
BRDA:41,13,0,13
BRDA:41,14,0,12
BRDA:41,15,0,1
BRDA:41,16,0,17
BRDA:41,17,0,4
BRDA:41,18,0,13
BRDA:41,19,0,5
BRDA:41,20,0,13
BRDA:41,21,0,0
BRDA:41,22,0,15
BRDA:41,23,0,18
BRDA:41,24,0,18
BRDA:41,25,0,0
BRDA:41,26,0,36
BRDA:41,27,0,0
BRDA:41,28,0,0
BRDA:41,29,0,0
BRDA:41,30,0,0
BRDA:41,31,0,18
BRDA:41,32,0,18
BRDA:41,33,0,13
BRDA:41,34,0,0
BRDA:41,35,0,0
BRDA:41,36,0,5
BRDA:41,37,0,0
BRDA:41,38,0,4
BRDA:41,39,0,0
BRDA:41,40,0,0
BRDA:41,41,0,0
BRDA:41,42,0,0
BRDA:41,43,0,28
BRDA:41,44,0,18
BRDA:41,45,0,17
BRDA:41,46,0,1
BRDA:41,47,0,18
BRDA:41,48,0,5
BRDA:41,49,0,1
BRDA:41,50,0,4
BRDA:41,51,0,0
BRDA:41,52,0,2
BRDA:41,53,0,0
BRDA:16,54,0,2
BRDA:17,55,0,4
BRDA:22,56,0,5
BRDA:41,57,0,5
BRDA:41,58,0,18
BRDA:23,59,0,5
BRDA:41,60,0,5
BRDA:25,61,0,1
BRDA:27,62,0,4
BRDA:41,63,0,4
BRDA:41,64,0,4
BRF:65
BRH:45
end_of_record
TN:
SF:src/modules/users/services/UpdateUserAvatarService.ts
FN:40,__decorate
FN:40,__metadata
FN:40,__param
FN:40,__awaiter
FN:40,adopt
FN:40,fulfilled
FN:40,rejected
FN:40,step
FN:40,__generator
FN:40,sent
FN:40,g.<computed>
FN:40,verb
FN:40,step
FN:40,__importDefault
FN:15,UpdateUserAvatarService
FN:19,UpdateUserAvatarService.execute
FNF:16
FNH:14
FNDA:1,__decorate
FNDA:1,__metadata
FNDA:2,__param
FNDA:4,__awaiter
FNDA:11,adopt
FNDA:11,fulfilled
FNDA:0,rejected
FNDA:14,step
FNDA:4,__generator
FNDA:11,sent
FNDA:0,g.<computed>
FNDA:12,verb
FNDA:15,step
FNDA:1,__importDefault
FNDA:3,UpdateUserAvatarService
FNDA:4,UpdateUserAvatarService.execute
DA:1,1
DA:2,1
DA:3,1
DA:4,1
DA:5,1
DA:6,1
DA:7,1
DA:8,1
DA:9,1
DA:10,1
DA:11,1
DA:12,1
DA:13,1
DA:14,1
DA:15,1
DA:16,3
DA:17,3
DA:18,3
DA:19,1
DA:20,4
DA:21,4
DA:22,4
DA:23,1
DA:24,1
DA:25,3
DA:26,3
DA:27,1
DA:28,4
DA:29,4
DA:30,4
DA:31,4
DA:32,4
DA:33,4
DA:34,4
DA:35,4
DA:36,4
DA:37,4
DA:38,1
DA:39,1
DA:40,1
LF:40
LH:40
BRDA:40,0,0,1
BRDA:40,1,0,1
BRDA:40,2,0,0
BRDA:40,3,0,0
BRDA:40,4,0,0
BRDA:40,5,0,0
BRDA:40,6,0,1
BRDA:40,7,0,2
BRDA:40,8,0,2
BRDA:40,9,0,4
BRDA:40,10,0,11
BRDA:40,11,0,0
BRDA:40,12,0,4
BRDA:40,13,0,11
BRDA:40,14,0,10
BRDA:40,15,0,1
BRDA:40,16,0,14
BRDA:40,17,0,3
BRDA:40,18,0,11
BRDA:40,19,0,4
BRDA:40,20,0,11
BRDA:40,21,0,0
BRDA:40,22,0,12
BRDA:40,23,0,15
BRDA:40,24,0,15
BRDA:40,25,0,0
BRDA:40,26,0,32
BRDA:40,27,0,0
BRDA:40,28,0,0
BRDA:40,29,0,0
BRDA:40,30,0,0
BRDA:40,31,0,15
BRDA:40,32,0,15
BRDA:40,33,0,11
BRDA:40,34,0,0
BRDA:40,35,0,0
BRDA:40,36,0,6
BRDA:40,37,0,0
BRDA:40,38,0,5
BRDA:40,39,0,4
BRDA:40,40,0,2
BRDA:40,41,0,0
BRDA:40,42,0,2
BRDA:40,43,0,0
BRDA:40,44,0,0
BRDA:40,45,0,0
BRDA:40,46,0,17
BRDA:40,47,0,16
BRDA:40,48,0,1
BRDA:40,49,0,17
BRDA:40,50,0,4
BRDA:40,51,0,1
BRDA:40,52,0,3
BRDA:40,53,0,0
BRDA:40,54,0,1
BRDA:40,55,0,0
BRDA:14,56,0,1
BRDA:15,57,0,3
BRDA:19,58,0,4
BRDA:40,59,0,4
BRDA:40,60,0,17
BRDA:20,61,0,4
BRDA:40,62,0,4
BRDA:22,63,0,1
BRDA:24,64,0,3
BRDA:26,65,0,2
BRDA:26,66,0,1
BRDA:40,67,0,1
BRDA:30,68,0,3
BRDA:40,69,0,3
BRDA:40,70,0,3
BRF:71
BRH:51
end_of_record
